Using pre-set license
Built from '2020.3/staging' branch; Version is '2020.3.30f1 (1fb1bf06830e) revision 2077119'; Using compiler version '192528614'; Build Type 'Release'
OS: 'Windows 10  (10.0.19041) 64bit ProfessionalEducation' Language: 'pt' Physical Memory: 15741 MB
BatchMode: 1, IsHumanControllingUs: 0, StartBugReporterOnCrash: 0, Is64bit: 1, IsPro: 0

COMMAND LINE ARGUMENTS:
C:\Program Files\Unity\Hub\Editor\2020.3.30f1\Editor\Unity.exe
-adb2
-batchMode
-noUpm
-name
AssetImportWorker0
-projectPath
C:/Users/2jdmtec/Desktop/2ยบ JD/Vazio
-logFile
Logs/AssetImportWorker0.log
-srvPort
57600
Successfully changed project path to: C:/Users/2jdmtec/Desktop/2ยบ JD/Vazio
C:/Users/2jdmtec/Desktop/2ยบ JD/Vazio
Using Asset Import Pipeline V2.
Refreshing native plugins compatible for Editor in 26.63 ms, found 2 plugins.
Preloading 0 native plugins for Editor in 0.00 ms.
Initialize engine version: 2020.3.30f1 (1fb1bf06830e)
[Subsystems] Discovering subsystems at path C:/Program Files/Unity/Hub/Editor/2020.3.30f1/Editor/Data/Resources/UnitySubsystems
[Subsystems] Discovering subsystems at path C:/Users/2jdmtec/Desktop/2ยบ JD/Vazio/Assets
GfxDevice: creating device client; threaded=0
Direct3D:
    Version:  Direct3D 11.0 [level 11.1]
    Renderer: AMD Radeon(TM) Graphics (ID=0x1636)
    Vendor:   
    VRAM:     7870 MB
    Driver:   27.20.1022.1007
Initialize mono
Mono path[0] = 'C:/Program Files/Unity/Hub/Editor/2020.3.30f1/Editor/Data/Managed'
Mono path[1] = 'C:/Program Files/Unity/Hub/Editor/2020.3.30f1/Editor/Data/MonoBleedingEdge/lib/mono/unityjit'
Mono config path = 'C:/Program Files/Unity/Hub/Editor/2020.3.30f1/Editor/Data/MonoBleedingEdge/etc'
Using monoOptions --debugger-agent=transport=dt_socket,embedding=1,server=y,suspend=n,address=127.0.0.1:56720
Begin MonoManager ReloadAssembly
Registering precompiled unity dll's ...
Register platform support module: C:/Program Files/Unity/Hub/Editor/2020.3.30f1/Editor/Data/PlaybackEngines/WindowsStandaloneSupport/UnityEditor.WindowsStandalone.Extensions.dll
Registered in 0.001519 seconds.
Native extension for WindowsStandalone target not found
Refreshing native plugins compatible for Editor in 26.66 ms, found 2 plugins.
Preloading 0 native plugins for Editor in 0.00 ms.
Mono: successfully reloaded assembly
- Completed reload, in  0.671 seconds
Domain Reload Profiling:
	ReloadAssembly (672ms)
		BeginReloadAssembly (58ms)
			ExecutionOrderSort (0ms)
			DisableScriptedObjects (0ms)
			BackupInstance (0ms)
			ReleaseScriptingObjects (0ms)
			CreateAndSetChildDomain (1ms)
		EndReloadAssembly (456ms)
			LoadAssemblies (56ms)
			RebuildTransferFunctionScriptingTraits (0ms)
			SetupTypeCache (209ms)
			ReleaseScriptCaches (0ms)
			RebuildScriptCaches (27ms)
			SetupLoadedEditorAssemblies (137ms)
				LogAssemblyErrors (0ms)
				InitializePlatformSupportModulesInManaged (4ms)
				SetLoadedEditorAssemblies (0ms)
				RefreshPlugins (27ms)
				BeforeProcessingInitializeOnLoad (8ms)
				ProcessInitializeOnLoadAttributes (70ms)
				ProcessInitializeOnLoadMethodAttributes (28ms)
				AfterProcessingInitializeOnLoad (0ms)
				EditorAssembliesLoaded (0ms)
			ExecutionOrderSort2 (0ms)
			AwakeInstancesAfterBackupRestoration (0ms)
Platform modules already initialized, skipping
Registering precompiled user dll's ...
Registered in 0.002257 seconds.
Begin MonoManager ReloadAssembly
Native extension for WindowsStandalone target not found
Refreshing native plugins compatible for Editor in 0.33 ms, found 2 plugins.
Preloading 0 native plugins for Editor in 0.00 ms.
Mono: successfully reloaded assembly
- Completed reload, in  0.854 seconds
Domain Reload Profiling:
	ReloadAssembly (858ms)
		BeginReloadAssembly (125ms)
			ExecutionOrderSort (0ms)
			DisableScriptedObjects (4ms)
			BackupInstance (0ms)
			ReleaseScriptingObjects (0ms)
			CreateAndSetChildDomain (17ms)
		EndReloadAssembly (680ms)
			LoadAssemblies (72ms)
			RebuildTransferFunctionScriptingTraits (0ms)
			SetupTypeCache (218ms)
			ReleaseScriptCaches (0ms)
			RebuildScriptCaches (39ms)
			SetupLoadedEditorAssemblies (277ms)
				LogAssemblyErrors (0ms)
				InitializePlatformSupportModulesInManaged (4ms)
				SetLoadedEditorAssemblies (0ms)
				RefreshPlugins (0ms)
				BeforeProcessingInitializeOnLoad (45ms)
				ProcessInitializeOnLoadAttributes (215ms)
				ProcessInitializeOnLoadMethodAttributes (8ms)
				AfterProcessingInitializeOnLoad (5ms)
				EditorAssembliesLoaded (0ms)
			ExecutionOrderSort2 (0ms)
			AwakeInstancesAfterBackupRestoration (5ms)
Platform modules already initialized, skipping
========================================================================
Worker process is ready to serve import requests
Launched and connected shader compiler UnityShaderCompiler.exe after 0.04 seconds
Refreshing native plugins compatible for Editor in 0.33 ms, found 2 plugins.
Preloading 0 native plugins for Editor in 0.00 ms.
Unloading 1502 Unused Serialized files (Serialized files now loaded: 0)
System memory in use before: 67.7 MB.
System memory in use after: 67.7 MB.

Unloading 16 unused Assets to reduce memory usage. Loaded Objects now: 1937.
Total: 2.666400 ms (FindLiveObjects: 0.152500 ms CreateObjectMapping: 0.040600 ms MarkObjects: 2.401000 ms  DeleteObjects: 0.071100 ms)

AssetImportParameters requested are different than current active one (requested -> active):
  custom:framework-win-MediaFoundation: 216162199b28c13a410421893ffa2e32 -> 
  custom:video-decoder-ogg-theora: a1e56fd34408186e4bbccfd4996cb3dc -> 
  custom:container-muxer-webm: aa71ff27fc2769a1b78a27578f13a17b -> 
  custom:container-demuxer-webm: 4f35f7cbe854078d1ac9338744f61a02 -> 
  custom:container-demuxer-ogg: 62fdf1f143b41e24485cea50d1cbac27 -> 
  custom:video-encoder-webm-vp8: eb34c28f22e8b96e1ab97ce403110664 -> 
  custom:video-decoder-webm-vp8: 9c59270c3fd7afecdb556c50c9e8de78 -> 
  custom:audio-decoder-ogg-vorbis: bf7c407c2cedff20999df2af8eb42d56 -> 
  custom:audio-encoder-webm-vorbis: bf7c407c2cedff20999df2af8eb42d56 -> 
========================================================================
Received Import Request.
  path: Assets/New Material.mat
  artifactKey: Guid(9a691fc7a384f464baff466d7991a8b4) Importer(815301076,1909f56bfc062723c751e8b465ee728b)
Start importing Assets/New Material.mat using Guid(9a691fc7a384f464baff466d7991a8b4) Importer(815301076,1909f56bfc062723c751e8b465ee728b)  -> (artifact id: '7589de5767497c0bc55f934c5e56ec5d') in 0.103599 seconds 
========================================================================
Received Import Request.
  Time since last request: 71.021235 seconds.
  path: Assets/Bolinha de gude.mat
  artifactKey: Guid(9a691fc7a384f464baff466d7991a8b4) Importer(815301076,1909f56bfc062723c751e8b465ee728b)
Start importing Assets/Bolinha de gude.mat using Guid(9a691fc7a384f464baff466d7991a8b4) Importer(815301076,1909f56bfc062723c751e8b465ee728b)  -> (artifact id: '9e869a648b27b3b5cc787722b940b346') in 0.013477 seconds 
========================================================================
Received Import Request.
  Time since last request: 199.077425 seconds.
  path: Assets/New Physic Material.physicMaterial
  artifactKey: Guid(1934c607395034a47a4ce83d451c0537) Importer(815301076,1909f56bfc062723c751e8b465ee728b)
Start importing Assets/New Physic Material.physicMaterial using Guid(1934c607395034a47a4ce83d451c0537) Importer(815301076,1909f56bfc062723c751e8b465ee728b)  -> (artifact id: '77b4e6c0c0b9b8a5050b0440c54a7b9a') in 0.017780 seconds 
========================================================================
Received Import Request.
  Time since last request: 28.907731 seconds.
  path: Assets/Bounce.physicMaterial
  artifactKey: Guid(1934c607395034a47a4ce83d451c0537) Importer(815301076,1909f56bfc062723c751e8b465ee728b)
Start importing Assets/Bounce.physicMaterial using Guid(1934c607395034a47a4ce83d451c0537) Importer(815301076,1909f56bfc062723c751e8b465ee728b)  -> (artifact id: '8172b81b8847a33b7c1fe996e8398407') in 0.007420 seconds 
========================================================================
Received Prepare
Registering precompiled user dll's ...
Registered in 0.002035 seconds.
Begin MonoManager ReloadAssembly
Native extension for WindowsStandalone target not found
Refreshing native plugins compatible for Editor in 0.34 ms, found 2 plugins.
Preloading 0 native plugins for Editor in 0.00 ms.
Mono: successfully reloaded assembly
- Completed reload, in  0.749 seconds
Domain Reload Profiling:
	ReloadAssembly (749ms)
		BeginReloadAssembly (93ms)
			ExecutionOrderSort (0ms)
			DisableScriptedObjects (3ms)
			BackupInstance (0ms)
			ReleaseScriptingObjects (0ms)
			CreateAndSetChildDomain (27ms)
		EndReloadAssembly (606ms)
			LoadAssemblies (72ms)
			RebuildTransferFunctionScriptingTraits (0ms)
			SetupTypeCache (212ms)
			ReleaseScriptCaches (1ms)
			RebuildScriptCaches (31ms)
			SetupLoadedEditorAssemblies (216ms)
				LogAssemblyErrors (0ms)
				InitializePlatformSupportModulesInManaged (4ms)
				SetLoadedEditorAssemblies (0ms)
				RefreshPlugins (0ms)
				BeforeProcessingInitializeOnLoad (40ms)
				ProcessInitializeOnLoadAttributes (158ms)
				ProcessInitializeOnLoadMethodAttributes (8ms)
				AfterProcessingInitializeOnLoad (5ms)
				EditorAssembliesLoaded (0ms)
			ExecutionOrderSort2 (0ms)
			AwakeInstancesAfterBackupRestoration (6ms)
Platform modules already initialized, skipping
Refreshing native plugins compatible for Editor in 0.33 ms, found 2 plugins.
Preloading 0 native plugins for Editor in 0.00 ms.
Unloading 1496 Unused Serialized files (Serialized files now loaded: 0)
System memory in use before: 70.9 MB.
System memory in use after: 71.0 MB.

Unloading 11 unused Assets to reduce memory usage. Loaded Objects now: 1979.
Total: 2.974200 ms (FindLiveObjects: 0.162600 ms CreateObjectMapping: 0.045600 ms MarkObjects: 2.743100 ms  DeleteObjects: 0.021600 ms)

AssetImportParameters requested are different than current active one (requested -> active):
  custom:framework-win-MediaFoundation: 216162199b28c13a410421893ffa2e32 -> 
  custom:video-decoder-ogg-theora: a1e56fd34408186e4bbccfd4996cb3dc -> 
  custom:container-muxer-webm: aa71ff27fc2769a1b78a27578f13a17b -> 
  custom:container-demuxer-webm: 4f35f7cbe854078d1ac9338744f61a02 -> 
  custom:container-demuxer-ogg: 62fdf1f143b41e24485cea50d1cbac27 -> 
  custom:video-encoder-webm-vp8: eb34c28f22e8b96e1ab97ce403110664 -> 
  custom:video-decoder-webm-vp8: 9c59270c3fd7afecdb556c50c9e8de78 -> 
  custom:audio-decoder-ogg-vorbis: bf7c407c2cedff20999df2af8eb42d56 -> 
  custom:audio-encoder-webm-vorbis: bf7c407c2cedff20999df2af8eb42d56 -> 
========================================================================
Received Import Request.
  Time since last request: 377.407676 seconds.
  path: Assets/New Material.mat
  artifactKey: Guid(9550f2be5c32eb94eaed10ded78aecf8) Importer(815301076,1909f56bfc062723c751e8b465ee728b)
Start importing Assets/New Material.mat using Guid(9550f2be5c32eb94eaed10ded78aecf8) Importer(815301076,1909f56bfc062723c751e8b465ee728b)  -> (artifact id: 'f2f6194847622335bc56d18d244d12f4') in 0.051407 seconds 
========================================================================
Received Import Request.
  Time since last request: 103.935920 seconds.
  path: Assets/Cor do degrau 1.mat
  artifactKey: Guid(9550f2be5c32eb94eaed10ded78aecf8) Importer(815301076,1909f56bfc062723c751e8b465ee728b)
Start importing Assets/Cor do degrau 1.mat using Guid(9550f2be5c32eb94eaed10ded78aecf8) Importer(815301076,1909f56bfc062723c751e8b465ee728b)  -> (artifact id: '121209adf12f3bef7db7ea0b98f0918f') in 0.021423 seconds 
========================================================================
Received Import Request.
  Time since last request: 9.729146 seconds.
  path: Assets/New Material.mat
  artifactKey: Guid(b9e9f4e9d5c0c3b449b075fced9ffe89) Importer(815301076,1909f56bfc062723c751e8b465ee728b)
Start importing Assets/New Material.mat using Guid(b9e9f4e9d5c0c3b449b075fced9ffe89) Importer(815301076,1909f56bfc062723c751e8b465ee728b)  -> (artifact id: '7d24e4f692241ed167adda1a4ab34cb8') in 0.010625 seconds 
========================================================================
Received Import Request.
  Time since last request: 69.512545 seconds.
  path: Assets/Cor do degrau 2.mat
  artifactKey: Guid(b9e9f4e9d5c0c3b449b075fced9ffe89) Importer(815301076,1909f56bfc062723c751e8b465ee728b)
Start importing Assets/Cor do degrau 2.mat using Guid(b9e9f4e9d5c0c3b449b075fced9ffe89) Importer(815301076,1909f56bfc062723c751e8b465ee728b)  -> (artifact id: 'a631ea5a373206d670bf8ad7ec9cdcdc') in 0.011422 seconds 
========================================================================
Received Import Request.
  Time since last request: 18.922486 seconds.
  path: Assets/New Material.mat
  artifactKey: Guid(c869e832a8e8afe4b9a7532133b5efa9) Importer(815301076,1909f56bfc062723c751e8b465ee728b)
Start importing Assets/New Material.mat using Guid(c869e832a8e8afe4b9a7532133b5efa9) Importer(815301076,1909f56bfc062723c751e8b465ee728b)  -> (artifact id: 'ebc97dfb63668b5558ce9a51c6f3c3ba') in 0.010447 seconds 
========================================================================
Received Import Request.
  Time since last request: 45.755433 seconds.
  path: Assets/New Material 1.mat
  artifactKey: Guid(368f97f413dc8ea43bd9edbc51a0692c) Importer(815301076,1909f56bfc062723c751e8b465ee728b)
Start importing Assets/New Material 1.mat using Guid(368f97f413dc8ea43bd9edbc51a0692c) Importer(815301076,1909f56bfc062723c751e8b465ee728b)  -> (artifact id: 'd55fb41f3ee97149eba135ef54075439') in 0.039187 seconds 
========================================================================
Received Import Request.
  Time since last request: 27.420600 seconds.
  path: Assets/New Material 2.mat
  artifactKey: Guid(21c4d4a8b7ddf1048833ee22fc442c11) Importer(815301076,1909f56bfc062723c751e8b465ee728b)
Start importing Assets/New Material 2.mat using Guid(21c4d4a8b7ddf1048833ee22fc442c11) Importer(815301076,1909f56bfc062723c751e8b465ee728b)  -> (artifact id: 'a245cf8860fca046d989abbaf8e987df') in 0.026600 seconds 
========================================================================
Received Import Request.
  Time since last request: 26.099679 seconds.
  path: Assets/New Material 3.mat
  artifactKey: Guid(7f87cee496e9ed340b17f03c64bdb91a) Importer(815301076,1909f56bfc062723c751e8b465ee728b)
Start importing Assets/New Material 3.mat using Guid(7f87cee496e9ed340b17f03c64bdb91a) Importer(815301076,1909f56bfc062723c751e8b465ee728b)  -> (artifact id: '7d8985a45bf3eeb1fbe67e372dd70384') in 0.013640 seconds 
========================================================================
Received Prepare
Registering precompiled user dll's ...
Registered in 0.002230 seconds.
Begin MonoManager ReloadAssembly
Native extension for WindowsStandalone target not found
Refreshing native plugins compatible for Editor in 0.34 ms, found 2 plugins.
Preloading 0 native plugins for Editor in 0.00 ms.
Mono: successfully reloaded assembly
- Completed reload, in  0.737 seconds
Domain Reload Profiling:
	ReloadAssembly (737ms)
		BeginReloadAssembly (90ms)
			ExecutionOrderSort (0ms)
			DisableScriptedObjects (3ms)
			BackupInstance (0ms)
			ReleaseScriptingObjects (0ms)
			CreateAndSetChildDomain (26ms)
		EndReloadAssembly (597ms)
			LoadAssemblies (71ms)
			RebuildTransferFunctionScriptingTraits (0ms)
			SetupTypeCache (207ms)
			ReleaseScriptCaches (1ms)
			RebuildScriptCaches (31ms)
			SetupLoadedEditorAssemblies (214ms)
				LogAssemblyErrors (0ms)
				InitializePlatformSupportModulesInManaged (4ms)
				SetLoadedEditorAssemblies (0ms)
				RefreshPlugins (0ms)
				BeforeProcessingInitializeOnLoad (40ms)
				ProcessInitializeOnLoadAttributes (157ms)
				ProcessInitializeOnLoadMethodAttributes (7ms)
				AfterProcessingInitializeOnLoad (5ms)
				EditorAssembliesLoaded (0ms)
			ExecutionOrderSort2 (0ms)
			AwakeInstancesAfterBackupRestoration (6ms)
Platform modules already initialized, skipping
Refreshing native plugins compatible for Editor in 0.33 ms, found 2 plugins.
Preloading 0 native plugins for Editor in 0.00 ms.
Unloading 1496 Unused Serialized files (Serialized files now loaded: 0)
System memory in use before: 70.9 MB.
System memory in use after: 71.0 MB.

Unloading 11 unused Assets to reduce memory usage. Loaded Objects now: 1982.
Total: 2.575500 ms (FindLiveObjects: 0.142200 ms CreateObjectMapping: 0.030300 ms MarkObjects: 2.381800 ms  DeleteObjects: 0.020300 ms)

AssetImportParameters requested are different than current active one (requested -> active):
  custom:framework-win-MediaFoundation: 216162199b28c13a410421893ffa2e32 -> 
  custom:video-decoder-ogg-theora: a1e56fd34408186e4bbccfd4996cb3dc -> 
  custom:container-muxer-webm: aa71ff27fc2769a1b78a27578f13a17b -> 
  custom:container-demuxer-webm: 4f35f7cbe854078d1ac9338744f61a02 -> 
  custom:container-demuxer-ogg: 62fdf1f143b41e24485cea50d1cbac27 -> 
  custom:video-encoder-webm-vp8: eb34c28f22e8b96e1ab97ce403110664 -> 
  custom:video-decoder-webm-vp8: 9c59270c3fd7afecdb556c50c9e8de78 -> 
  custom:audio-decoder-ogg-vorbis: bf7c407c2cedff20999df2af8eb42d56 -> 
  custom:audio-encoder-webm-vorbis: bf7c407c2cedff20999df2af8eb42d56 -> 
========================================================================
Received Import Request.
  Time since last request: 307.097095 seconds.
  path: Assets/New Material 3.mat
  artifactKey: Guid(7f87cee496e9ed340b17f03c64bdb91a) Importer(815301076,1909f56bfc062723c751e8b465ee728b)
Start importing Assets/New Material 3.mat using Guid(7f87cee496e9ed340b17f03c64bdb91a) Importer(815301076,1909f56bfc062723c751e8b465ee728b)  -> (artifact id: '9d69ff2d39887917b3a9a349dff46afe') in 0.048706 seconds 
========================================================================
Received Import Request.
  Time since last request: 0.000200 seconds.
  path: Assets/New Material.mat
  artifactKey: Guid(c869e832a8e8afe4b9a7532133b5efa9) Importer(815301076,1909f56bfc062723c751e8b465ee728b)
Start importing Assets/New Material.mat using Guid(c869e832a8e8afe4b9a7532133b5efa9) Importer(815301076,1909f56bfc062723c751e8b465ee728b)  -> (artifact id: 'd56de75aea4c546640a10fc4e2edca88') in 0.011639 seconds 
========================================================================
Received Import Request.
  Time since last request: 0.000200 seconds.
  path: Assets/New Material 1.mat
  artifactKey: Guid(368f97f413dc8ea43bd9edbc51a0692c) Importer(815301076,1909f56bfc062723c751e8b465ee728b)
Start importing Assets/New Material 1.mat using Guid(368f97f413dc8ea43bd9edbc51a0692c) Importer(815301076,1909f56bfc062723c751e8b465ee728b)  -> (artifact id: '318cdb2525ca9c8db59fc1a6d1a83a31') in 0.009849 seconds 
========================================================================
Received Import Request.
  Time since last request: 0.000233 seconds.
  path: Assets/New Material 2.mat
  artifactKey: Guid(21c4d4a8b7ddf1048833ee22fc442c11) Importer(815301076,1909f56bfc062723c751e8b465ee728b)
Start importing Assets/New Material 2.mat using Guid(21c4d4a8b7ddf1048833ee22fc442c11) Importer(815301076,1909f56bfc062723c751e8b465ee728b)  -> (artifact id: '4316b2ae341ab643d60cafa3dc2e98aa') in 0.010836 seconds 
AssetImportWorkerClient::OnTransportError - code=2 error=End of file
