Using pre-set license
Built from '2020.3/staging' branch; Version is '2020.3.30f1 (1fb1bf06830e) revision 2077119'; Using compiler version '192528614'; Build Type 'Release'
OS: 'Windows 10  (10.0.19041) 64bit ProfessionalEducation' Language: 'pt' Physical Memory: 15741 MB
BatchMode: 1, IsHumanControllingUs: 0, StartBugReporterOnCrash: 0, Is64bit: 1, IsPro: 0

COMMAND LINE ARGUMENTS:
C:\Program Files\Unity\Hub\Editor\2020.3.30f1\Editor\Unity.exe
-adb2
-batchMode
-noUpm
-name
AssetImportWorker0
-projectPath
C:/Users/2jdmtec/Desktop/2ยบ JD/Vazio
-logFile
Logs/AssetImportWorker0.log
-srvPort
64559
Successfully changed project path to: C:/Users/2jdmtec/Desktop/2ยบ JD/Vazio
C:/Users/2jdmtec/Desktop/2ยบ JD/Vazio
Using Asset Import Pipeline V2.
Refreshing native plugins compatible for Editor in 29.20 ms, found 2 plugins.
Preloading 0 native plugins for Editor in 0.00 ms.
Initialize engine version: 2020.3.30f1 (1fb1bf06830e)
[Subsystems] Discovering subsystems at path C:/Program Files/Unity/Hub/Editor/2020.3.30f1/Editor/Data/Resources/UnitySubsystems
[Subsystems] Discovering subsystems at path C:/Users/2jdmtec/Desktop/2ยบ JD/Vazio/Assets
GfxDevice: creating device client; threaded=0
Direct3D:
    Version:  Direct3D 11.0 [level 11.1]
    Renderer: AMD Radeon(TM) Graphics (ID=0x1636)
    Vendor:   
    VRAM:     7870 MB
    Driver:   27.20.1022.1007
Initialize mono
Mono path[0] = 'C:/Program Files/Unity/Hub/Editor/2020.3.30f1/Editor/Data/Managed'
Mono path[1] = 'C:/Program Files/Unity/Hub/Editor/2020.3.30f1/Editor/Data/MonoBleedingEdge/lib/mono/unityjit'
Mono config path = 'C:/Program Files/Unity/Hub/Editor/2020.3.30f1/Editor/Data/MonoBleedingEdge/etc'
Using monoOptions --debugger-agent=transport=dt_socket,embedding=1,server=y,suspend=n,address=127.0.0.1:56128
Begin MonoManager ReloadAssembly
Registering precompiled unity dll's ...
Register platform support module: C:/Program Files/Unity/Hub/Editor/2020.3.30f1/Editor/Data/PlaybackEngines/WindowsStandaloneSupport/UnityEditor.WindowsStandalone.Extensions.dll
Registered in 0.001711 seconds.
Native extension for WindowsStandalone target not found
Refreshing native plugins compatible for Editor in 29.92 ms, found 2 plugins.
Preloading 0 native plugins for Editor in 0.00 ms.
Mono: successfully reloaded assembly
- Completed reload, in  0.539 seconds
Domain Reload Profiling:
	ReloadAssembly (539ms)
		BeginReloadAssembly (58ms)
			ExecutionOrderSort (0ms)
			DisableScriptedObjects (0ms)
			BackupInstance (0ms)
			ReleaseScriptingObjects (0ms)
			CreateAndSetChildDomain (1ms)
		EndReloadAssembly (413ms)
			LoadAssemblies (56ms)
			RebuildTransferFunctionScriptingTraits (0ms)
			SetupTypeCache (141ms)
			ReleaseScriptCaches (0ms)
			RebuildScriptCaches (28ms)
			SetupLoadedEditorAssemblies (148ms)
				LogAssemblyErrors (0ms)
				InitializePlatformSupportModulesInManaged (4ms)
				SetLoadedEditorAssemblies (0ms)
				RefreshPlugins (30ms)
				BeforeProcessingInitializeOnLoad (8ms)
				ProcessInitializeOnLoadAttributes (77ms)
				ProcessInitializeOnLoadMethodAttributes (28ms)
				AfterProcessingInitializeOnLoad (0ms)
				EditorAssembliesLoaded (0ms)
			ExecutionOrderSort2 (0ms)
			AwakeInstancesAfterBackupRestoration (0ms)
Platform modules already initialized, skipping
Registering precompiled user dll's ...
Registered in 0.002350 seconds.
Begin MonoManager ReloadAssembly
Native extension for WindowsStandalone target not found
Refreshing native plugins compatible for Editor in 0.35 ms, found 2 plugins.
Preloading 0 native plugins for Editor in 0.00 ms.
Mono: successfully reloaded assembly
- Completed reload, in  0.905 seconds
Domain Reload Profiling:
	ReloadAssembly (906ms)
		BeginReloadAssembly (141ms)
			ExecutionOrderSort (0ms)
			DisableScriptedObjects (4ms)
			BackupInstance (0ms)
			ReleaseScriptingObjects (0ms)
			CreateAndSetChildDomain (22ms)
		EndReloadAssembly (707ms)
			LoadAssemblies (85ms)
			RebuildTransferFunctionScriptingTraits (0ms)
			SetupTypeCache (245ms)
			ReleaseScriptCaches (0ms)
			RebuildScriptCaches (40ms)
			SetupLoadedEditorAssemblies (265ms)
				LogAssemblyErrors (0ms)
				InitializePlatformSupportModulesInManaged (4ms)
				SetLoadedEditorAssemblies (0ms)
				RefreshPlugins (0ms)
				BeforeProcessingInitializeOnLoad (50ms)
				ProcessInitializeOnLoadAttributes (195ms)
				ProcessInitializeOnLoadMethodAttributes (10ms)
				AfterProcessingInitializeOnLoad (5ms)
				EditorAssembliesLoaded (0ms)
			ExecutionOrderSort2 (0ms)
			AwakeInstancesAfterBackupRestoration (6ms)
Platform modules already initialized, skipping
========================================================================
Worker process is ready to serve import requests
Launched and connected shader compiler UnityShaderCompiler.exe after 0.05 seconds
Refreshing native plugins compatible for Editor in 0.40 ms, found 2 plugins.
Preloading 0 native plugins for Editor in 0.00 ms.
Unloading 1502 Unused Serialized files (Serialized files now loaded: 0)
System memory in use before: 67.7 MB.
System memory in use after: 67.7 MB.

Unloading 16 unused Assets to reduce memory usage. Loaded Objects now: 1937.
Total: 3.263600 ms (FindLiveObjects: 0.170300 ms CreateObjectMapping: 0.053900 ms MarkObjects: 2.966400 ms  DeleteObjects: 0.071900 ms)

AssetImportParameters requested are different than current active one (requested -> active):
  custom:framework-win-MediaFoundation: 216162199b28c13a410421893ffa2e32 -> 
  custom:video-decoder-ogg-theora: a1e56fd34408186e4bbccfd4996cb3dc -> 
  custom:container-muxer-webm: aa71ff27fc2769a1b78a27578f13a17b -> 
  custom:container-demuxer-webm: 4f35f7cbe854078d1ac9338744f61a02 -> 
  custom:container-demuxer-ogg: 62fdf1f143b41e24485cea50d1cbac27 -> 
  custom:video-encoder-webm-vp8: eb34c28f22e8b96e1ab97ce403110664 -> 
  custom:video-decoder-webm-vp8: 9c59270c3fd7afecdb556c50c9e8de78 -> 
  custom:audio-decoder-ogg-vorbis: bf7c407c2cedff20999df2af8eb42d56 -> 
  custom:audio-encoder-webm-vorbis: bf7c407c2cedff20999df2af8eb42d56 -> 
========================================================================
Received Import Request.
  path: Assets/New Material 4.mat
  artifactKey: Guid(894225011121ad34c820f7c1bbcdbf28) Importer(815301076,1909f56bfc062723c751e8b465ee728b)
Start importing Assets/New Material 4.mat using Guid(894225011121ad34c820f7c1bbcdbf28) Importer(815301076,1909f56bfc062723c751e8b465ee728b)  -> (artifact id: '1e1e5d6a39534a14ef9bcae416f82510') in 0.114672 seconds 
========================================================================
Received Import Request.
  Time since last request: 0.681513 seconds.
  path: Assets/Scenes
  artifactKey: Guid(fb16107ce20f52c4c958f25fe6ab108e) Importer(815301076,1909f56bfc062723c751e8b465ee728b)
Start importing Assets/Scenes using Guid(fb16107ce20f52c4c958f25fe6ab108e) Importer(815301076,1909f56bfc062723c751e8b465ee728b)  -> (artifact id: '5326eeb6118b79210af06e0e1fe50bb4') in 0.006011 seconds 
========================================================================
Received Import Request.
  Time since last request: 104.006814 seconds.
  path: Assets/thumb2-blue-ice-texture-4k-ice-cracks-macro-blue-ice-background.jpg
  artifactKey: Guid(a9b688f6e94c0e845942c50a12a7bd46) Importer(815301076,1909f56bfc062723c751e8b465ee728b)
Start importing Assets/thumb2-blue-ice-texture-4k-ice-cracks-macro-blue-ice-background.jpg using Guid(a9b688f6e94c0e845942c50a12a7bd46) Importer(815301076,1909f56bfc062723c751e8b465ee728b)  -> (artifact id: '08c83bcd9187b7e7e7efd3d844d5c253') in 0.025607 seconds 
========================================================================
Received Import Request.
  Time since last request: 352.655979 seconds.
  path: Assets/514c38cc1725a20dd876b6a9016a52c8.jpg
  artifactKey: Guid(4366726bda07bdf44aa3006c0dcea88a) Importer(815301076,1909f56bfc062723c751e8b465ee728b)
Start importing Assets/514c38cc1725a20dd876b6a9016a52c8.jpg using Guid(4366726bda07bdf44aa3006c0dcea88a) Importer(815301076,1909f56bfc062723c751e8b465ee728b)  -> (artifact id: '10853bf34f8f0a1ef6afd09747716057') in 0.012064 seconds 
========================================================================
Received Import Request.
  Time since last request: 227.047209 seconds.
  path: Assets/Bounce.physicMaterial
  artifactKey: Guid(1934c607395034a47a4ce83d451c0537) Importer(815301076,1909f56bfc062723c751e8b465ee728b)
Start importing Assets/Bounce.physicMaterial using Guid(1934c607395034a47a4ce83d451c0537) Importer(815301076,1909f56bfc062723c751e8b465ee728b)  -> (artifact id: '8d9a0e867c787905a3d32c8b626b1273') in 0.009005 seconds 
========================================================================
Received Import Request.
  Time since last request: 0.000491 seconds.
  path: Assets/New Material 4.mat
  artifactKey: Guid(894225011121ad34c820f7c1bbcdbf28) Importer(815301076,1909f56bfc062723c751e8b465ee728b)
Start importing Assets/New Material 4.mat using Guid(894225011121ad34c820f7c1bbcdbf28) Importer(815301076,1909f56bfc062723c751e8b465ee728b)  -> (artifact id: '69c217f3ff07de95d372c6642430ba61') in 0.016379 seconds 
========================================================================
Received Import Request.
  Time since last request: 0.000229 seconds.
  path: Assets/New Material 3.mat
  artifactKey: Guid(7f87cee496e9ed340b17f03c64bdb91a) Importer(815301076,1909f56bfc062723c751e8b465ee728b)
Start importing Assets/New Material 3.mat using Guid(7f87cee496e9ed340b17f03c64bdb91a) Importer(815301076,1909f56bfc062723c751e8b465ee728b)  -> (artifact id: '85074bdfca1bb68fc00e72de5257d53e') in 0.014468 seconds 
========================================================================
Received Prepare
Registering precompiled user dll's ...
Registered in 0.002470 seconds.
Begin MonoManager ReloadAssembly
Native extension for WindowsStandalone target not found
Refreshing native plugins compatible for Editor in 0.46 ms, found 2 plugins.
Preloading 0 native plugins for Editor in 0.00 ms.
Mono: successfully reloaded assembly
- Completed reload, in  0.867 seconds
Domain Reload Profiling:
	ReloadAssembly (868ms)
		BeginReloadAssembly (106ms)
			ExecutionOrderSort (0ms)
			DisableScriptedObjects (3ms)
			BackupInstance (0ms)
			ReleaseScriptingObjects (0ms)
			CreateAndSetChildDomain (33ms)
		EndReloadAssembly (705ms)
			LoadAssemblies (80ms)
			RebuildTransferFunctionScriptingTraits (0ms)
			SetupTypeCache (258ms)
			ReleaseScriptCaches (1ms)
			RebuildScriptCaches (35ms)
			SetupLoadedEditorAssemblies (248ms)
				LogAssemblyErrors (0ms)
				InitializePlatformSupportModulesInManaged (6ms)
				SetLoadedEditorAssemblies (1ms)
				RefreshPlugins (1ms)
				BeforeProcessingInitializeOnLoad (45ms)
				ProcessInitializeOnLoadAttributes (182ms)
				ProcessInitializeOnLoadMethodAttributes (9ms)
				AfterProcessingInitializeOnLoad (5ms)
				EditorAssembliesLoaded (0ms)
			ExecutionOrderSort2 (0ms)
			AwakeInstancesAfterBackupRestoration (6ms)
Platform modules already initialized, skipping
Refreshing native plugins compatible for Editor in 0.52 ms, found 2 plugins.
Preloading 0 native plugins for Editor in 0.00 ms.
Unloading 1496 Unused Serialized files (Serialized files now loaded: 0)
System memory in use before: 70.9 MB.
System memory in use after: 71.0 MB.

Unloading 11 unused Assets to reduce memory usage. Loaded Objects now: 1980.
Total: 2.691000 ms (FindLiveObjects: 0.151900 ms CreateObjectMapping: 0.037000 ms MarkObjects: 2.479500 ms  DeleteObjects: 0.021500 ms)

AssetImportParameters requested are different than current active one (requested -> active):
  custom:framework-win-MediaFoundation: 216162199b28c13a410421893ffa2e32 -> 
  custom:video-decoder-ogg-theora: a1e56fd34408186e4bbccfd4996cb3dc -> 
  custom:container-muxer-webm: aa71ff27fc2769a1b78a27578f13a17b -> 
  custom:container-demuxer-webm: 4f35f7cbe854078d1ac9338744f61a02 -> 
  custom:container-demuxer-ogg: 62fdf1f143b41e24485cea50d1cbac27 -> 
  custom:video-encoder-webm-vp8: eb34c28f22e8b96e1ab97ce403110664 -> 
  custom:video-decoder-webm-vp8: 9c59270c3fd7afecdb556c50c9e8de78 -> 
  custom:audio-decoder-ogg-vorbis: bf7c407c2cedff20999df2af8eb42d56 -> 
  custom:audio-encoder-webm-vorbis: bf7c407c2cedff20999df2af8eb42d56 -> 
========================================================================
Received Import Request.
  Time since last request: 497.781836 seconds.
  path: Assets/depositphotos_238449976-stock-photo-green-grass-texture-background-green.jpg
  artifactKey: Guid(7976758ed1844f04c973e5a2bb9c9f3d) Importer(815301076,1909f56bfc062723c751e8b465ee728b)
Start importing Assets/depositphotos_238449976-stock-photo-green-grass-texture-background-green.jpg using Guid(7976758ed1844f04c973e5a2bb9c9f3d) Importer(815301076,1909f56bfc062723c751e8b465ee728b)  -> (artifact id: '9ba1fb2f6dbc24f10f1a801ce64a2fba') in 0.038252 seconds 
========================================================================
Received Import Request.
  Time since last request: 4.333805 seconds.
  path: Assets
  artifactKey: Guid(00000000000000001000000000000000) Importer(815301076,1909f56bfc062723c751e8b465ee728b)
Start importing Assets using Guid(00000000000000001000000000000000) Importer(815301076,1909f56bfc062723c751e8b465ee728b)  -> (artifact id: '42d402b061de3733987d63b9cc3b64de') in 0.006635 seconds 
========================================================================
Received Import Request.
  Time since last request: 11.713071 seconds.
  path: Assets/New Material 5.mat
  artifactKey: Guid(6f1a196c0b480484f8755c3ee44e1f4f) Importer(815301076,1909f56bfc062723c751e8b465ee728b)
Start importing Assets/New Material 5.mat using Guid(6f1a196c0b480484f8755c3ee44e1f4f) Importer(815301076,1909f56bfc062723c751e8b465ee728b)  -> (artifact id: 'efa257a78251f14f8259f51360f4c19e') in 0.039458 seconds 
========================================================================
Received Import Request.
  Time since last request: 199.515039 seconds.
  path: Assets/New Material 6.mat
  artifactKey: Guid(e88d7041bc89fb94d97fca32bef697f5) Importer(815301076,1909f56bfc062723c751e8b465ee728b)
Start importing Assets/New Material 6.mat using Guid(e88d7041bc89fb94d97fca32bef697f5) Importer(815301076,1909f56bfc062723c751e8b465ee728b)  -> (artifact id: '3e2b336342fc889def1acf09c141b33f') in 0.015275 seconds 
========================================================================
Received Import Request.
  Time since last request: 5.718981 seconds.
  path: Assets/77526c6369.webp
  artifactKey: Guid(09809ad2b74b86d4fad20ff8503d0d3a) Importer(815301076,1909f56bfc062723c751e8b465ee728b)
Start importing Assets/77526c6369.webp using Guid(09809ad2b74b86d4fad20ff8503d0d3a) Importer(815301076,1909f56bfc062723c751e8b465ee728b)  -> (artifact id: 'ecb586a7b9e4ce1b8d0e0008bdf3f336') in 0.009807 seconds 
========================================================================
Received Import Request.
  Time since last request: 114.842170 seconds.
  path: Assets/rlxSnRQ.jpg
  artifactKey: Guid(856a3ffbc82bea84eb8fff037f45eeb3) Importer(815301076,1909f56bfc062723c751e8b465ee728b)
Start importing Assets/rlxSnRQ.jpg using Guid(856a3ffbc82bea84eb8fff037f45eeb3) Importer(815301076,1909f56bfc062723c751e8b465ee728b)  -> (artifact id: '2e813279295338ce34a4270146625aae') in 0.013598 seconds 
========================================================================
Received Prepare
Registering precompiled user dll's ...
Registered in 0.002403 seconds.
Begin MonoManager ReloadAssembly
Native extension for WindowsStandalone target not found
Refreshing native plugins compatible for Editor in 0.35 ms, found 2 plugins.
Preloading 0 native plugins for Editor in 0.00 ms.
Mono: successfully reloaded assembly
- Completed reload, in  0.857 seconds
Domain Reload Profiling:
	ReloadAssembly (858ms)
		BeginReloadAssembly (107ms)
			ExecutionOrderSort (0ms)
			DisableScriptedObjects (3ms)
			BackupInstance (0ms)
			ReleaseScriptingObjects (0ms)
			CreateAndSetChildDomain (33ms)
		EndReloadAssembly (694ms)
			LoadAssemblies (83ms)
			RebuildTransferFunctionScriptingTraits (0ms)
			SetupTypeCache (237ms)
			ReleaseScriptCaches (1ms)
			RebuildScriptCaches (34ms)
			SetupLoadedEditorAssemblies (264ms)
				LogAssemblyErrors (0ms)
				InitializePlatformSupportModulesInManaged (4ms)
				SetLoadedEditorAssemblies (0ms)
				RefreshPlugins (0ms)
				BeforeProcessingInitializeOnLoad (46ms)
				ProcessInitializeOnLoadAttributes (199ms)
				ProcessInitializeOnLoadMethodAttributes (9ms)
				AfterProcessingInitializeOnLoad (5ms)
				EditorAssembliesLoaded (0ms)
			ExecutionOrderSort2 (0ms)
			AwakeInstancesAfterBackupRestoration (6ms)
Platform modules already initialized, skipping
Refreshing native plugins compatible for Editor in 0.34 ms, found 2 plugins.
Preloading 0 native plugins for Editor in 0.00 ms.
Unloading 1496 Unused Serialized files (Serialized files now loaded: 0)
System memory in use before: 70.9 MB.
System memory in use after: 71.0 MB.

Unloading 11 unused Assets to reduce memory usage. Loaded Objects now: 1983.
Total: 2.811400 ms (FindLiveObjects: 0.146800 ms CreateObjectMapping: 0.033700 ms MarkObjects: 2.607100 ms  DeleteObjects: 0.022500 ms)

AssetImportParameters requested are different than current active one (requested -> active):
  custom:framework-win-MediaFoundation: 216162199b28c13a410421893ffa2e32 -> 
  custom:video-decoder-ogg-theora: a1e56fd34408186e4bbccfd4996cb3dc -> 
  custom:container-muxer-webm: aa71ff27fc2769a1b78a27578f13a17b -> 
  custom:container-demuxer-webm: 4f35f7cbe854078d1ac9338744f61a02 -> 
  custom:container-demuxer-ogg: 62fdf1f143b41e24485cea50d1cbac27 -> 
  custom:video-encoder-webm-vp8: eb34c28f22e8b96e1ab97ce403110664 -> 
  custom:video-decoder-webm-vp8: 9c59270c3fd7afecdb556c50c9e8de78 -> 
  custom:audio-decoder-ogg-vorbis: bf7c407c2cedff20999df2af8eb42d56 -> 
  custom:audio-encoder-webm-vorbis: bf7c407c2cedff20999df2af8eb42d56 -> 
========================================================================
Received Import Request.
  Time since last request: 807.777024 seconds.
  path: Assets/Materials
  artifactKey: Guid(8db94ae3ccf550f449e101176fa7f611) Importer(815301076,1909f56bfc062723c751e8b465ee728b)
Start importing Assets/Materials using Guid(8db94ae3ccf550f449e101176fa7f611) Importer(815301076,1909f56bfc062723c751e8b465ee728b)  -> (artifact id: '993efde324a4dbc082621a2825e89b0b') in 0.011318 seconds 
========================================================================
Received Prepare
Registering precompiled user dll's ...
Registered in 0.002098 seconds.
Begin MonoManager ReloadAssembly
Native extension for WindowsStandalone target not found
Refreshing native plugins compatible for Editor in 0.35 ms, found 2 plugins.
Preloading 0 native plugins for Editor in 0.00 ms.
Mono: successfully reloaded assembly
- Completed reload, in  0.749 seconds
Domain Reload Profiling:
	ReloadAssembly (750ms)
		BeginReloadAssembly (92ms)
			ExecutionOrderSort (0ms)
			DisableScriptedObjects (3ms)
			BackupInstance (0ms)
			ReleaseScriptingObjects (0ms)
			CreateAndSetChildDomain (26ms)
		EndReloadAssembly (606ms)
			LoadAssemblies (73ms)
			RebuildTransferFunctionScriptingTraits (0ms)
			SetupTypeCache (213ms)
			ReleaseScriptCaches (1ms)
			RebuildScriptCaches (31ms)
			SetupLoadedEditorAssemblies (213ms)
				LogAssemblyErrors (0ms)
				InitializePlatformSupportModulesInManaged (4ms)
				SetLoadedEditorAssemblies (0ms)
				RefreshPlugins (0ms)
				BeforeProcessingInitializeOnLoad (40ms)
				ProcessInitializeOnLoadAttributes (155ms)
				ProcessInitializeOnLoadMethodAttributes (7ms)
				AfterProcessingInitializeOnLoad (5ms)
				EditorAssembliesLoaded (0ms)
			ExecutionOrderSort2 (0ms)
			AwakeInstancesAfterBackupRestoration (5ms)
Platform modules already initialized, skipping
Refreshing native plugins compatible for Editor in 0.34 ms, found 2 plugins.
Preloading 0 native plugins for Editor in 0.00 ms.
Unloading 1496 Unused Serialized files (Serialized files now loaded: 0)
System memory in use before: 71.0 MB.
System memory in use after: 71.1 MB.

Unloading 11 unused Assets to reduce memory usage. Loaded Objects now: 1985.
Total: 2.823500 ms (FindLiveObjects: 0.151900 ms CreateObjectMapping: 0.032700 ms MarkObjects: 2.616800 ms  DeleteObjects: 0.021200 ms)

AssetImportParameters requested are different than current active one (requested -> active):
  custom:framework-win-MediaFoundation: 216162199b28c13a410421893ffa2e32 -> 
  custom:video-decoder-ogg-theora: a1e56fd34408186e4bbccfd4996cb3dc -> 
  custom:container-muxer-webm: aa71ff27fc2769a1b78a27578f13a17b -> 
  custom:container-demuxer-webm: 4f35f7cbe854078d1ac9338744f61a02 -> 
  custom:container-demuxer-ogg: 62fdf1f143b41e24485cea50d1cbac27 -> 
  custom:video-encoder-webm-vp8: eb34c28f22e8b96e1ab97ce403110664 -> 
  custom:video-decoder-webm-vp8: 9c59270c3fd7afecdb556c50c9e8de78 -> 
  custom:audio-decoder-ogg-vorbis: bf7c407c2cedff20999df2af8eb42d56 -> 
  custom:audio-encoder-webm-vorbis: bf7c407c2cedff20999df2af8eb42d56 -> 
========================================================================
Received Import Request.
  Time since last request: 5649.646931 seconds.
  path: Assets/Cor do degrau 1.mat
  artifactKey: Guid(9550f2be5c32eb94eaed10ded78aecf8) Importer(815301076,1909f56bfc062723c751e8b465ee728b)
Start importing Assets/Cor do degrau 1.mat using Guid(9550f2be5c32eb94eaed10ded78aecf8) Importer(815301076,1909f56bfc062723c751e8b465ee728b)  -> (artifact id: '7cf9794e68388e6a50dc8d46feb21af3') in 0.072114 seconds 
========================================================================
Received Import Request.
  Time since last request: 0.000205 seconds.
  path: Assets/New Material 5.mat
  artifactKey: Guid(6f1a196c0b480484f8755c3ee44e1f4f) Importer(815301076,1909f56bfc062723c751e8b465ee728b)
Start importing Assets/New Material 5.mat using Guid(6f1a196c0b480484f8755c3ee44e1f4f) Importer(815301076,1909f56bfc062723c751e8b465ee728b)  -> (artifact id: '7cb66a861901e820710aca78b642369d') in 0.013349 seconds 
========================================================================
Received Import Request.
  Time since last request: 0.000224 seconds.
  path: Assets/Cor do degrau 2.mat
  artifactKey: Guid(b9e9f4e9d5c0c3b449b075fced9ffe89) Importer(815301076,1909f56bfc062723c751e8b465ee728b)
Start importing Assets/Cor do degrau 2.mat using Guid(b9e9f4e9d5c0c3b449b075fced9ffe89) Importer(815301076,1909f56bfc062723c751e8b465ee728b)  -> (artifact id: 'bf4aab07b4e5e650dc6334899b707bbe') in 0.015711 seconds 
========================================================================
Received Import Request.
  Time since last request: 0.000211 seconds.
  path: Assets/New Material 2.mat
  artifactKey: Guid(21c4d4a8b7ddf1048833ee22fc442c11) Importer(815301076,1909f56bfc062723c751e8b465ee728b)
Start importing Assets/New Material 2.mat using Guid(21c4d4a8b7ddf1048833ee22fc442c11) Importer(815301076,1909f56bfc062723c751e8b465ee728b)  -> (artifact id: '2d87b63fab0c5e54ede057a04d02927b') in 0.014265 seconds 
